<?xml version="1.0" encoding="UTF-8"?>
<!-- Generated by org.testng.reporters.JUnitReportReporter -->
<testsuite hostname="KUMARGAURAV" failures="0" tests="1" name="com.Unocoin_Web.testCases.TC_LoginTest_001" time="0.012" errors="0" timestamp="2023-03-06T22:50:15 IST" skipped="0">
  <testcase classname="com.Unocoin_Web.testCases.TC_LoginTest_001" name="loginTest" time="0.012"/>
  <system-out/>
</testsuite> <!-- com.Unocoin_Web.testCases.TC_LoginTest_001 -->
